c:\users\muto\desktop\physics-simulator\consoleapplication1\consoleapplication1\x64\release\consoleapplication1.pch
c:\users\muto\desktop\physics-simulator\consoleapplication1\consoleapplication1\x64\release\vc141.pdb
c:\users\muto\desktop\physics-simulator\consoleapplication1\consoleapplication1\x64\release\stdafx.obj
c:\users\muto\desktop\physics-simulator\consoleapplication1\consoleapplication1\x64\release\mainform.obj
c:\users\muto\desktop\physics-simulator\consoleapplication1\consoleapplication1\x64\release\solidsimulator.obj
c:\users\muto\desktop\physics-simulator\consoleapplication1\consoleapplication1\x64\release\shapemacthingcube.obj
c:\users\muto\desktop\physics-simulator\consoleapplication1\consoleapplication1\x64\release\score.obj
c:\users\muto\desktop\physics-simulator\consoleapplication1\consoleapplication1\x64\release\rigidsphere.obj
c:\users\muto\desktop\physics-simulator\consoleapplication1\consoleapplication1\x64\release\rigidplane.obj
c:\users\muto\desktop\physics-simulator\consoleapplication1\consoleapplication1\x64\release\rigidobject.obj
c:\users\muto\desktop\physics-simulator\consoleapplication1\consoleapplication1\x64\release\assemblyinfo.obj
c:\users\muto\desktop\physics-simulator\consoleapplication1\consoleapplication1\x64\release\.netframework,version=v4.6.1.assemblyattributes.obj
c:\users\muto\desktop\physics-simulator\consoleapplication1\consoleapplication1\x64\release\.netframework,version=v4.6.1.assemblyattributes.asm
c:\users\muto\desktop\physics-simulator\consoleapplication1\consoleapplication1\x64\release\consoleapplication1.mainform.resources
c:\users\muto\desktop\physics-simulator\consoleapplication1\x64\release\consoleapplication1.exe
c:\users\muto\desktop\physics-simulator\consoleapplication1\x64\release\consoleapplication1.pdb
c:\users\muto\desktop\physics-simulator\consoleapplication1\consoleapplication1\x64\release\app.res
c:\users\muto\desktop\physics-simulator\consoleapplication1\consoleapplication1\x64\release\consoleapplication1.vcxproj.generateresource.cache
c:\users\muto\desktop\physics-simulator\consoleapplication1\consoleapplication1\x64\release\consoleapplication1.vcxprojassemblyreference.cache
c:\users\muto\desktop\physics-simulator\consoleapplication1\consoleapplication1\x64\release\playboard.obj
c:\users\muto\desktop\physics-simulator\consoleapplication1\consoleapplication1\x64\release\simulationfield.obj
c:\users\muto\desktop\physics-simulator\consoleapplication1\consoleapplication1\x64\release\consolea.ca7ce627.tlog\cl.command.1.tlog
c:\users\muto\desktop\physics-simulator\consoleapplication1\consoleapplication1\x64\release\consolea.ca7ce627.tlog\cl.read.1.tlog
c:\users\muto\desktop\physics-simulator\consoleapplication1\consoleapplication1\x64\release\consolea.ca7ce627.tlog\cl.write.1.tlog
c:\users\muto\desktop\physics-simulator\consoleapplication1\consoleapplication1\x64\release\consolea.ca7ce627.tlog\consoleapplication1.write.1u.tlog
c:\users\muto\desktop\physics-simulator\consoleapplication1\consoleapplication1\x64\release\consolea.ca7ce627.tlog\link.command.1.tlog
c:\users\muto\desktop\physics-simulator\consoleapplication1\consoleapplication1\x64\release\consolea.ca7ce627.tlog\link.read.1.tlog
c:\users\muto\desktop\physics-simulator\consoleapplication1\consoleapplication1\x64\release\consolea.ca7ce627.tlog\link.write.1.tlog
c:\users\muto\desktop\physics-simulator\consoleapplication1\consoleapplication1\x64\release\consolea.ca7ce627.tlog\metagen.read.1.tlog
c:\users\muto\desktop\physics-simulator\consoleapplication1\consoleapplication1\x64\release\consolea.ca7ce627.tlog\metagen.write.1.tlog
c:\users\muto\desktop\physics-simulator\consoleapplication1\consoleapplication1\x64\release\consolea.ca7ce627.tlog\rc.command.1.tlog
c:\users\muto\desktop\physics-simulator\consoleapplication1\consoleapplication1\x64\release\consolea.ca7ce627.tlog\rc.read.1.tlog
c:\users\muto\desktop\physics-simulator\consoleapplication1\consoleapplication1\x64\release\consolea.ca7ce627.tlog\rc.write.1.tlog
